\BOOKMARK [1][-]{section.1}{\376\377\000P\000u\000r\000p\000o\000s\000e\000\040\000a\000n\000d\000\040\000S\000c\000o\000p\000e}{}% 1
\BOOKMARK [1][-]{section.2}{\376\377\000N\000o\000t\000a\000t\000i\000o\000n\000\040\000a\000n\000d\000\040\000C\000o\000n\000v\000e\000n\000t\000i\000o\000n\000s}{}% 2
\BOOKMARK [2][-]{subsection.2.1}{\376\377\000C\000o\000m\000m\000o\000n\000\040\000T\000e\000r\000m\000s}{section.2}% 3
\BOOKMARK [1][-]{section.3}{\376\377\000C\000A\000N\000\040\000I\000d\000e\000n\000t\000i\000f\000i\000e\000r\000\040\000S\000c\000h\000e\000m\000e\000\040\000\046\000\040\000N\000o\000d\000e\000I\000D}{}% 4
\BOOKMARK [1][-]{section.4}{\376\377\000C\000o\000m\000m\000o\000n\000\040\000F\000r\000a\000m\000e\000\040\000L\000a\000y\000o\000u\000t}{}% 5
\BOOKMARK [1][-]{section.5}{\376\377\000N\000o\000d\000e\000\040\000R\000e\000g\000i\000s\000t\000r\000a\000t\000i\000o\000n}{}% 6
\BOOKMARK [1][-]{section.6}{\376\377\000F\000i\000e\000l\000d\000\040\000R\000e\000g\000i\000s\000t\000r\000a\000t\000i\000o\000n\000\040\000\046\000\040\000M\000a\000n\000a\000g\000e\000m\000e\000n\000t}{}% 7
\BOOKMARK [2][-]{subsection.6.1}{\376\377\000R\000e\000g\000i\000s\000t\000r\000a\000t\000i\000o\000n}{section.6}% 8
\BOOKMARK [2][-]{subsection.6.2}{\376\377\000R\000e\000g\000u\000l\000a\000r\000\040\000O\000p\000e\000r\000a\000t\000i\000o\000n}{section.6}% 9
\BOOKMARK [3][-]{subsubsection.6.2.1}{\376\377\000F\000i\000e\000l\000d\000\040\000U\000p\000d\000a\000t\000e\000s}{subsection.6.2}% 10
\BOOKMARK [3][-]{subsubsection.6.2.2}{\376\377\000P\000a\000r\000a\000m\000e\000t\000e\000r\000\040\000S\000e\000t\000t\000i\000n\000g}{subsection.6.2}% 11
\BOOKMARK [3][-]{subsubsection.6.2.3}{\376\377\000P\000a\000r\000a\000m\000e\000t\000e\000r\000\040\000L\000o\000c\000k\000i\000n\000g}{subsection.6.2}% 12
\BOOKMARK [3][-]{subsubsection.6.2.4}{\376\377\000R\000e\000q\000u\000e\000s\000t\000i\000n\000g\000\040\000F\000i\000e\000l\000d\000\040\000D\000a\000t\000a}{subsection.6.2}% 13
\BOOKMARK [1][-]{section.7}{\376\377\000H\000e\000a\000r\000t\000b\000e\000a\000t\000s}{}% 14
\BOOKMARK [1][-]{section.8}{\376\377\000S\000t\000a\000t\000u\000s\000\040\000M\000e\000s\000s\000a\000g\000e\000s}{}% 15
\BOOKMARK [1][-]{section.9}{\376\377\000M\000e\000s\000s\000a\000g\000e\000\040\000T\000y\000p\000e\000s}{}% 16
\BOOKMARK [1][-]{section.10}{\376\377\000D\000a\000t\000a\000\040\000S\000t\000r\000u\000c\000t\000u\000r\000e\000s}{}% 17
\BOOKMARK [2][-]{subsection.10.1}{\376\377\000N\000o\000d\000e\000I\000n\000f\000o\000R\000e\000s}{section.10}% 18
\BOOKMARK [2][-]{subsection.10.2}{\376\377\000S\000t\000a\000t\000u\000s}{section.10}% 19
\BOOKMARK [2][-]{subsection.10.3}{\376\377\000F\000i\000e\000l\000d\000R\000e\000g\000i\000s\000t\000r\000a\000t\000i\000o\000n}{section.10}% 20
\BOOKMARK [2][-]{subsection.10.4}{\376\377\000F\000i\000e\000l\000d\000G\000r\000o\000u\000p\000D\000e\000f\000i\000n\000i\000t\000i\000o\000n}{section.10}% 21
\BOOKMARK [2][-]{subsection.10.5}{\376\377\000F\000i\000e\000l\000d\000G\000r\000o\000u\000p\000U\000p\000d\000a\000t\000e}{section.10}% 22
\BOOKMARK [2][-]{subsection.10.6}{\376\377\000H\000e\000a\000r\000t\000B\000e\000a\000t}{section.10}% 23
\BOOKMARK [2][-]{subsection.10.7}{\376\377\000P\000a\000r\000a\000m\000e\000t\000e\000r\000S\000e\000t\000R\000e\000q}{section.10}% 24
\BOOKMARK [2][-]{subsection.10.8}{\376\377\000P\000a\000r\000a\000m\000e\000t\000e\000r\000S\000e\000t\000R\000e\000s}{section.10}% 25
\BOOKMARK [2][-]{subsection.10.9}{\376\377\000F\000i\000e\000l\000d\000G\000e\000t\000R\000e\000q}{section.10}% 26
\BOOKMARK [2][-]{subsection.10.10}{\376\377\000F\000i\000e\000l\000d\000G\000e\000t\000R\000e\000s}{section.10}% 27
\BOOKMARK [2][-]{subsection.10.11}{\376\377\000P\000a\000r\000a\000m\000e\000t\000e\000r\000S\000e\000t\000L\000o\000c\000k}{section.10}% 28
\BOOKMARK [2][-]{subsection.10.12}{\376\377\000D\000a\000t\000a\000T\000y\000p\000e}{section.10}% 29
\BOOKMARK [1][-]{section.11}{\376\377\000V\000e\000r\000s\000i\000o\000n\000i\000n\000g\000\040\000a\000n\000d\000\040\000E\000x\000t\000e\000n\000s\000i\000o\000n\000\040\000M\000e\000c\000h\000a\000n\000i\000s\000m\000s}{}% 30
